
*** Running vivado
    with args -log lab5_top.vds -m64 -product Vivado -mode batch -messageDb vivado.pb -notrace -source lab5_top.tcl


****** Vivado v2018.1 (64-bit)
  **** SW Build 2188600 on Wed Apr  4 18:39:19 MDT 2018
  **** IP Build 2185939 on Wed Apr  4 20:55:05 MDT 2018
    ** Copyright 1986-2018 Xilinx, Inc. All Rights Reserved.

Sourcing tcl script '/root/.Xilinx/Vivado/Vivado_init.tcl'
source lab5_top.tcl -notrace
Command: synth_design -top lab5_top -part xc7a100tcsg324-1
Starting synth_design
Attempting to get a license for feature 'Synthesis' and/or device 'xc7a100t'
INFO: [Common 17-349] Got license for feature 'Synthesis' and/or device 'xc7a100t'
INFO: Launching helper process for spawning children vivado processes
INFO: Helper process launched with PID 20391 
---------------------------------------------------------------------------------
Starting RTL Elaboration : Time (s): cpu = 00:00:07 ; elapsed = 00:00:15 . Memory (MB): peak = 1293.012 ; gain = 86.926 ; free physical = 643 ; free virtual = 2220
---------------------------------------------------------------------------------
INFO: [Synth 8-638] synthesizing module 'lab5_top' [/home/chase/github/FPGA_VHDL/lab5/lab5.srcs/lab5_top.vhd:45]
	Parameter h_pulse bound to: 96 - type: integer 
	Parameter h_bp bound to: 48 - type: integer 
	Parameter h_pixels bound to: 640 - type: integer 
	Parameter h_fp bound to: 16 - type: integer 
	Parameter v_pulse bound to: 2 - type: integer 
	Parameter v_bp bound to: 29 - type: integer 
	Parameter v_pixels bound to: 480 - type: integer 
	Parameter v_fp bound to: 10 - type: integer 
INFO: [Synth 8-638] synthesizing module 'btnDebounce' [/home/chase/github/FPGA_VHDL/lab5/lab5.srcs/btnDebounce.vhd:14]
INFO: [Synth 8-256] done synthesizing module 'btnDebounce' (1#1) [/home/chase/github/FPGA_VHDL/lab5/lab5.srcs/btnDebounce.vhd:14]
INFO: [Synth 8-638] synthesizing module 'pulse_generator_small' [/home/chase/github/FPGA_VHDL/lab5/lab5.srcs/pulse_generator_small.vhd:12]
INFO: [Synth 8-256] done synthesizing module 'pulse_generator_small' (2#1) [/home/chase/github/FPGA_VHDL/lab5/lab5.srcs/pulse_generator_small.vhd:12]
INFO: [Synth 8-638] synthesizing module 'accel_spi_rw' [/home/chase/github/FPGA_VHDL/lab5/lab5.srcs/spi.vhd:28]
WARNING: [Synth 8-614] signal 'command_state' is read in the process but is not in the sensitivity list [/home/chase/github/FPGA_VHDL/lab5/lab5.srcs/spi.vhd:67]
WARNING: [Synth 8-614] signal 'SPI_state' is read in the process but is not in the sensitivity list [/home/chase/github/FPGA_VHDL/lab5/lab5.srcs/spi.vhd:182]
WARNING: [Synth 8-614] signal 'timerDone' is read in the process but is not in the sensitivity list [/home/chase/github/FPGA_VHDL/lab5/lab5.srcs/spi.vhd:182]
INFO: [Synth 8-256] done synthesizing module 'accel_spi_rw' (3#1) [/home/chase/github/FPGA_VHDL/lab5/lab5.srcs/spi.vhd:28]
INFO: [Synth 8-638] synthesizing module 'seg7_controller' [/home/chase/github/FPGA_VHDL/lab5/lab5.srcs/seg7_controller.vhd:21]
INFO: [Synth 8-638] synthesizing module 'pulse_generator' [/home/chase/github/FPGA_VHDL/lab5/lab5.srcs/pulse_generator.vhd:12]
INFO: [Synth 8-256] done synthesizing module 'pulse_generator' (4#1) [/home/chase/github/FPGA_VHDL/lab5/lab5.srcs/pulse_generator.vhd:12]
INFO: [Synth 8-638] synthesizing module 'upCounter' [/home/chase/github/FPGA_VHDL/lab5/lab5.srcs/upcounter.vhd:14]
INFO: [Synth 8-256] done synthesizing module 'upCounter' (5#1) [/home/chase/github/FPGA_VHDL/lab5/lab5.srcs/upcounter.vhd:14]
INFO: [Synth 8-638] synthesizing module 'seg7_hex' [/home/chase/github/FPGA_VHDL/lab5/lab5.srcs/seg7_hex.vhd:32]
INFO: [Synth 8-256] done synthesizing module 'seg7_hex' (6#1) [/home/chase/github/FPGA_VHDL/lab5/lab5.srcs/seg7_hex.vhd:32]
INFO: [Synth 8-256] done synthesizing module 'seg7_controller' (7#1) [/home/chase/github/FPGA_VHDL/lab5/lab5.srcs/seg7_controller.vhd:21]
INFO: [Synth 8-256] done synthesizing module 'lab5_top' (8#1) [/home/chase/github/FPGA_VHDL/lab5/lab5.srcs/lab5_top.vhd:45]
---------------------------------------------------------------------------------
Finished RTL Elaboration : Time (s): cpu = 00:00:07 ; elapsed = 00:00:18 . Memory (MB): peak = 1338.621 ; gain = 132.535 ; free physical = 654 ; free virtual = 2231
---------------------------------------------------------------------------------

Report Check Netlist: 
+------+------------------+-------+---------+-------+------------------+
|      |Item              |Errors |Warnings |Status |Description       |
+------+------------------+-------+---------+-------+------------------+
|1     |multi_driven_nets |      0|        0|Passed |Multi driven nets |
+------+------------------+-------+---------+-------+------------------+
---------------------------------------------------------------------------------
Start Handling Custom Attributes
---------------------------------------------------------------------------------
---------------------------------------------------------------------------------
Finished Handling Custom Attributes : Time (s): cpu = 00:00:08 ; elapsed = 00:00:18 . Memory (MB): peak = 1338.621 ; gain = 132.535 ; free physical = 654 ; free virtual = 2231
---------------------------------------------------------------------------------
---------------------------------------------------------------------------------
Finished RTL Optimization Phase 1 : Time (s): cpu = 00:00:08 ; elapsed = 00:00:18 . Memory (MB): peak = 1338.621 ; gain = 132.535 ; free physical = 654 ; free virtual = 2231
---------------------------------------------------------------------------------
INFO: [Device 21-403] Loading part xc7a100tcsg324-1
INFO: [Project 1-570] Preparing netlist for logic optimization

Processing XDC Constraints
Initializing timing engine
Parsing XDC File [/home/chase/github/FPGA_VHDL/lab5/lab5.srcs/nexys4_constraint.xdc]
Finished Parsing XDC File [/home/chase/github/FPGA_VHDL/lab5/lab5.srcs/nexys4_constraint.xdc]
INFO: [Project 1-236] Implementation specific constraints were found while reading constraint file [/home/chase/github/FPGA_VHDL/lab5/lab5.srcs/nexys4_constraint.xdc]. These constraints will be ignored for synthesis but will be used in implementation. Impacted constraints are listed in the file [.Xil/lab5_top_propImpl.xdc].
Resolution: To avoid this warning, move constraints listed in [.Xil/lab5_top_propImpl.xdc] to another XDC file and exclude this new file from synthesis with the used_in_synthesis property (File Properties dialog in GUI) and re-run elaboration/synthesis.
Completed Processing XDC Constraints

INFO: [Project 1-111] Unisim Transformation Summary:
No Unisim elements were transformed.

Constraint Validation Runtime : Time (s): cpu = 00:00:00 ; elapsed = 00:00:00 . Memory (MB): peak = 1654.359 ; gain = 0.000 ; free physical = 383 ; free virtual = 1963
---------------------------------------------------------------------------------
Finished Constraint Validation : Time (s): cpu = 00:00:23 ; elapsed = 00:01:17 . Memory (MB): peak = 1654.359 ; gain = 448.273 ; free physical = 463 ; free virtual = 2043
---------------------------------------------------------------------------------
---------------------------------------------------------------------------------
Start Loading Part and Timing Information
---------------------------------------------------------------------------------
Loading part: xc7a100tcsg324-1
---------------------------------------------------------------------------------
Finished Loading Part and Timing Information : Time (s): cpu = 00:00:23 ; elapsed = 00:01:17 . Memory (MB): peak = 1654.359 ; gain = 448.273 ; free physical = 465 ; free virtual = 2045
---------------------------------------------------------------------------------
---------------------------------------------------------------------------------
Start Applying 'set_property' XDC Constraints
---------------------------------------------------------------------------------
---------------------------------------------------------------------------------
Finished applying 'set_property' XDC Constraints : Time (s): cpu = 00:00:23 ; elapsed = 00:01:17 . Memory (MB): peak = 1654.359 ; gain = 448.273 ; free physical = 465 ; free virtual = 2045
---------------------------------------------------------------------------------
INFO: [Synth 8-802] inferred FSM for state register 'command_state_reg' in module 'accel_spi_rw'
INFO: [Synth 8-5544] ROM "regAD" won't be mapped to Block RAM because address size (4) smaller than threshold (5)
INFO: [Synth 8-5544] ROM "toSPIbytes" won't be mapped to Block RAM because address size (4) smaller than threshold (5)
INFO: [Synth 8-5544] ROM "SPIstart" won't be mapped to Block RAM because address size (4) smaller than threshold (5)
INFO: [Synth 8-5544] ROM "next_state" won't be mapped to Block RAM because address size (1) smaller than threshold (5)
INFO: [Synth 8-5544] ROM "next_state" won't be mapped to Block RAM because address size (1) smaller than threshold (5)
INFO: [Synth 8-5544] ROM "next_state" won't be mapped to Block RAM because address size (1) smaller than threshold (5)
INFO: [Synth 8-5544] ROM "next_state" won't be mapped to Block RAM because address size (1) smaller than threshold (5)
INFO: [Synth 8-5544] ROM "next_state" won't be mapped to Block RAM because address size (1) smaller than threshold (5)
INFO: [Synth 8-5544] ROM "next_state" won't be mapped to Block RAM because address size (1) smaller than threshold (5)
---------------------------------------------------------------------------------------------------
                   State |                     New Encoding |                Previous Encoding 
---------------------------------------------------------------------------------------------------
                 idlecmd |                    0000100000000 |                             0000
             writeaddr2d |                    0000010000000 |                             0001
             donestartup |                    0000000001000 |                             0010
              readaddr00 |                    0000000000001 |                             0011
            captureid_ad |                    0000000000010 |                             0100
              readaddr01 |                    0000000000100 |                             0101
            captureid_1d |                    1000000000000 |                             0110
              readaddr08 |                    0001000000000 |                             0111
                capturex |                    0010000000000 |                             1000
              readaddr09 |                    0100000000000 |                             1001
                capturey |                    0000001000000 |                             1010
              readaddr0a |                    0000000100000 |                             1011
                capturez |                    0000000010000 |                             1100
---------------------------------------------------------------------------------------------------
INFO: [Synth 8-3354] encoded FSM with state register 'command_state_reg' using encoding 'one-hot' in module 'accel_spi_rw'
WARNING: [Synth 8-327] inferring latch for variable 'q4_reg' [/home/chase/github/FPGA_VHDL/lab5/lab5.srcs/lab5_top.vhd:209]
WARNING: [Synth 8-327] inferring latch for variable 'q5_reg' [/home/chase/github/FPGA_VHDL/lab5/lab5.srcs/lab5_top.vhd:210]
---------------------------------------------------------------------------------
Finished RTL Optimization Phase 2 : Time (s): cpu = 00:00:24 ; elapsed = 00:01:18 . Memory (MB): peak = 1654.359 ; gain = 448.273 ; free physical = 457 ; free virtual = 2038
---------------------------------------------------------------------------------

Report RTL Partitions: 
+-+--------------+------------+----------+
| |RTL Partition |Replication |Instances |
+-+--------------+------------+----------+
+-+--------------+------------+----------+
---------------------------------------------------------------------------------
Start RTL Component Statistics 
---------------------------------------------------------------------------------
Detailed RTL Component Info : 
+---Adders : 
	   2 Input     10 Bit       Adders := 2     
	   2 Input      8 Bit       Adders := 4     
	   2 Input      5 Bit       Adders := 5     
	   2 Input      4 Bit       Adders := 1     
	   2 Input      3 Bit       Adders := 1     
	   2 Input      2 Bit       Adders := 1     
+---Registers : 
	               24 Bit    Registers := 6     
	               10 Bit    Registers := 2     
	                8 Bit    Registers := 4     
	                5 Bit    Registers := 2     
	                4 Bit    Registers := 1     
	                3 Bit    Registers := 1     
	                2 Bit    Registers := 1     
	                1 Bit    Registers := 15    
+---Muxes : 
	   2 Input     24 Bit        Muxes := 2     
	  13 Input     20 Bit        Muxes := 1     
	  13 Input     13 Bit        Muxes := 1     
	   2 Input     13 Bit        Muxes := 6     
	   2 Input     12 Bit        Muxes := 1     
	   8 Input     12 Bit        Muxes := 1     
	   2 Input     10 Bit        Muxes := 9     
	   9 Input      8 Bit        Muxes := 1     
	   2 Input      8 Bit        Muxes := 9     
	  10 Input      4 Bit        Muxes := 1     
	   2 Input      4 Bit        Muxes := 2     
	   4 Input      4 Bit        Muxes := 2     
	   2 Input      2 Bit        Muxes := 1     
	   2 Input      1 Bit        Muxes := 14    
	  10 Input      1 Bit        Muxes := 3     
	  13 Input      1 Bit        Muxes := 1     
	   3 Input      1 Bit        Muxes := 1     
	   4 Input      1 Bit        Muxes := 1     
	   5 Input      1 Bit        Muxes := 1     
	   6 Input      1 Bit        Muxes := 1     
---------------------------------------------------------------------------------
Finished RTL Component Statistics 
---------------------------------------------------------------------------------
---------------------------------------------------------------------------------
Start RTL Hierarchical Component Statistics 
---------------------------------------------------------------------------------
Hierarchical RTL Component report 
Module lab5_top 
Detailed RTL Component Info : 
+---Adders : 
	   2 Input     10 Bit       Adders := 2     
	   2 Input      8 Bit       Adders := 4     
	   2 Input      5 Bit       Adders := 5     
	   2 Input      4 Bit       Adders := 1     
+---Registers : 
	               10 Bit    Registers := 2     
	                8 Bit    Registers := 4     
	                5 Bit    Registers := 2     
	                1 Bit    Registers := 5     
+---Muxes : 
	   2 Input     12 Bit        Muxes := 1     
	   8 Input     12 Bit        Muxes := 1     
	   2 Input     10 Bit        Muxes := 9     
	   2 Input      8 Bit        Muxes := 9     
	   2 Input      4 Bit        Muxes := 2     
	   4 Input      4 Bit        Muxes := 2     
	   2 Input      1 Bit        Muxes := 6     
Module btnDebounce 
Detailed RTL Component Info : 
+---Registers : 
	                1 Bit    Registers := 1     
+---Muxes : 
	   2 Input      1 Bit        Muxes := 1     
Module pulse_generator_small 
Detailed RTL Component Info : 
+---Adders : 
	   2 Input      2 Bit       Adders := 1     
+---Registers : 
	                2 Bit    Registers := 1     
+---Muxes : 
	   2 Input      2 Bit        Muxes := 1     
Module accel_spi_rw 
Detailed RTL Component Info : 
+---Registers : 
	               24 Bit    Registers := 6     
	                4 Bit    Registers := 1     
	                1 Bit    Registers := 2     
+---Muxes : 
	   2 Input     24 Bit        Muxes := 2     
	  13 Input     20 Bit        Muxes := 1     
	  13 Input     13 Bit        Muxes := 1     
	   2 Input     13 Bit        Muxes := 6     
	  10 Input      4 Bit        Muxes := 1     
	  10 Input      1 Bit        Muxes := 3     
	  13 Input      1 Bit        Muxes := 1     
	   3 Input      1 Bit        Muxes := 1     
	   4 Input      1 Bit        Muxes := 1     
	   5 Input      1 Bit        Muxes := 1     
	   6 Input      1 Bit        Muxes := 1     
Module upCounter 
Detailed RTL Component Info : 
+---Adders : 
	   2 Input      3 Bit       Adders := 1     
+---Registers : 
	                3 Bit    Registers := 1     
Module seg7_controller 
Detailed RTL Component Info : 
+---Muxes : 
	   9 Input      8 Bit        Muxes := 1     
---------------------------------------------------------------------------------
Finished RTL Hierarchical Component Statistics
---------------------------------------------------------------------------------
---------------------------------------------------------------------------------
Start Part Resource Summary
---------------------------------------------------------------------------------
Part Resources:
DSPs: 240 (col length:80)
BRAMs: 270 (col length: RAMB18 80 RAMB36 40)
---------------------------------------------------------------------------------
Finished Part Resource Summary
---------------------------------------------------------------------------------
---------------------------------------------------------------------------------
Start Cross Boundary and Area Optimization
---------------------------------------------------------------------------------
Warning: Parallel synthesis criteria is not met 
INFO: [Synth 8-3333] propagating constant 0 across sequential element (\accel_spi_rw_0/SPI_shiftregister_reg[0] )
WARNING: [Synth 8-3332] Sequential element (q4_reg[3]) is unused and will be removed from module lab5_top.
WARNING: [Synth 8-3332] Sequential element (q4_reg[2]) is unused and will be removed from module lab5_top.
WARNING: [Synth 8-3332] Sequential element (q4_reg[1]) is unused and will be removed from module lab5_top.
WARNING: [Synth 8-3332] Sequential element (q4_reg[0]) is unused and will be removed from module lab5_top.
WARNING: [Synth 8-3332] Sequential element (q5_reg[3]) is unused and will be removed from module lab5_top.
WARNING: [Synth 8-3332] Sequential element (q5_reg[2]) is unused and will be removed from module lab5_top.
WARNING: [Synth 8-3332] Sequential element (q5_reg[1]) is unused and will be removed from module lab5_top.
WARNING: [Synth 8-3332] Sequential element (q5_reg[0]) is unused and will be removed from module lab5_top.
WARNING: [Synth 8-3332] Sequential element (accel_spi_rw_0/regX_reg[23]) is unused and will be removed from module lab5_top.
WARNING: [Synth 8-3332] Sequential element (accel_spi_rw_0/regX_reg[22]) is unused and will be removed from module lab5_top.
WARNING: [Synth 8-3332] Sequential element (accel_spi_rw_0/regX_reg[21]) is unused and will be removed from module lab5_top.
WARNING: [Synth 8-3332] Sequential element (accel_spi_rw_0/regX_reg[20]) is unused and will be removed from module lab5_top.
WARNING: [Synth 8-3332] Sequential element (accel_spi_rw_0/regX_reg[19]) is unused and will be removed from module lab5_top.
WARNING: [Synth 8-3332] Sequential element (accel_spi_rw_0/regX_reg[18]) is unused and will be removed from module lab5_top.
WARNING: [Synth 8-3332] Sequential element (accel_spi_rw_0/regX_reg[17]) is unused and will be removed from module lab5_top.
WARNING: [Synth 8-3332] Sequential element (accel_spi_rw_0/regX_reg[16]) is unused and will be removed from module lab5_top.
WARNING: [Synth 8-3332] Sequential element (accel_spi_rw_0/regX_reg[15]) is unused and will be removed from module lab5_top.
WARNING: [Synth 8-3332] Sequential element (accel_spi_rw_0/regX_reg[14]) is unused and will be removed from module lab5_top.
WARNING: [Synth 8-3332] Sequential element (accel_spi_rw_0/regX_reg[13]) is unused and will be removed from module lab5_top.
WARNING: [Synth 8-3332] Sequential element (accel_spi_rw_0/regX_reg[12]) is unused and will be removed from module lab5_top.
WARNING: [Synth 8-3332] Sequential element (accel_spi_rw_0/regX_reg[11]) is unused and will be removed from module lab5_top.
WARNING: [Synth 8-3332] Sequential element (accel_spi_rw_0/regX_reg[10]) is unused and will be removed from module lab5_top.
WARNING: [Synth 8-3332] Sequential element (accel_spi_rw_0/regX_reg[9]) is unused and will be removed from module lab5_top.
WARNING: [Synth 8-3332] Sequential element (accel_spi_rw_0/regX_reg[8]) is unused and will be removed from module lab5_top.
WARNING: [Synth 8-3332] Sequential element (accel_spi_rw_0/regY_reg[23]) is unused and will be removed from module lab5_top.
WARNING: [Synth 8-3332] Sequential element (accel_spi_rw_0/regY_reg[22]) is unused and will be removed from module lab5_top.
WARNING: [Synth 8-3332] Sequential element (accel_spi_rw_0/regY_reg[21]) is unused and will be removed from module lab5_top.
WARNING: [Synth 8-3332] Sequential element (accel_spi_rw_0/regY_reg[20]) is unused and will be removed from module lab5_top.
WARNING: [Synth 8-3332] Sequential element (accel_spi_rw_0/regY_reg[19]) is unused and will be removed from module lab5_top.
WARNING: [Synth 8-3332] Sequential element (accel_spi_rw_0/regY_reg[18]) is unused and will be removed from module lab5_top.
WARNING: [Synth 8-3332] Sequential element (accel_spi_rw_0/regY_reg[17]) is unused and will be removed from module lab5_top.
WARNING: [Synth 8-3332] Sequential element (accel_spi_rw_0/regY_reg[16]) is unused and will be removed from module lab5_top.
WARNING: [Synth 8-3332] Sequential element (accel_spi_rw_0/regY_reg[15]) is unused and will be removed from module lab5_top.
WARNING: [Synth 8-3332] Sequential element (accel_spi_rw_0/regY_reg[14]) is unused and will be removed from module lab5_top.
WARNING: [Synth 8-3332] Sequential element (accel_spi_rw_0/regY_reg[13]) is unused and will be removed from module lab5_top.
WARNING: [Synth 8-3332] Sequential element (accel_spi_rw_0/regY_reg[12]) is unused and will be removed from module lab5_top.
WARNING: [Synth 8-3332] Sequential element (accel_spi_rw_0/regY_reg[11]) is unused and will be removed from module lab5_top.
WARNING: [Synth 8-3332] Sequential element (accel_spi_rw_0/regY_reg[10]) is unused and will be removed from module lab5_top.
WARNING: [Synth 8-3332] Sequential element (accel_spi_rw_0/regY_reg[9]) is unused and will be removed from module lab5_top.
WARNING: [Synth 8-3332] Sequential element (accel_spi_rw_0/regY_reg[8]) is unused and will be removed from module lab5_top.
WARNING: [Synth 8-3332] Sequential element (accel_spi_rw_0/regZ_reg[23]) is unused and will be removed from module lab5_top.
WARNING: [Synth 8-3332] Sequential element (accel_spi_rw_0/regZ_reg[22]) is unused and will be removed from module lab5_top.
WARNING: [Synth 8-3332] Sequential element (accel_spi_rw_0/regZ_reg[21]) is unused and will be removed from module lab5_top.
WARNING: [Synth 8-3332] Sequential element (accel_spi_rw_0/regZ_reg[20]) is unused and will be removed from module lab5_top.
WARNING: [Synth 8-3332] Sequential element (accel_spi_rw_0/regZ_reg[19]) is unused and will be removed from module lab5_top.
WARNING: [Synth 8-3332] Sequential element (accel_spi_rw_0/regZ_reg[18]) is unused and will be removed from module lab5_top.
WARNING: [Synth 8-3332] Sequential element (accel_spi_rw_0/regZ_reg[17]) is unused and will be removed from module lab5_top.
WARNING: [Synth 8-3332] Sequential element (accel_spi_rw_0/regZ_reg[16]) is unused and will be removed from module lab5_top.
WARNING: [Synth 8-3332] Sequential element (accel_spi_rw_0/regZ_reg[15]) is unused and will be removed from module lab5_top.
WARNING: [Synth 8-3332] Sequential element (accel_spi_rw_0/regZ_reg[14]) is unused and will be removed from module lab5_top.
WARNING: [Synth 8-3332] Sequential element (accel_spi_rw_0/regZ_reg[13]) is unused and will be removed from module lab5_top.
WARNING: [Synth 8-3332] Sequential element (accel_spi_rw_0/regZ_reg[12]) is unused and will be removed from module lab5_top.
WARNING: [Synth 8-3332] Sequential element (accel_spi_rw_0/regZ_reg[11]) is unused and will be removed from module lab5_top.
WARNING: [Synth 8-3332] Sequential element (accel_spi_rw_0/regZ_reg[10]) is unused and will be removed from module lab5_top.
WARNING: [Synth 8-3332] Sequential element (accel_spi_rw_0/regZ_reg[9]) is unused and will be removed from module lab5_top.
WARNING: [Synth 8-3332] Sequential element (accel_spi_rw_0/regZ_reg[8]) is unused and will be removed from module lab5_top.
WARNING: [Synth 8-3332] Sequential element (accel_spi_rw_0/regAD_reg[23]) is unused and will be removed from module lab5_top.
WARNING: [Synth 8-3332] Sequential element (accel_spi_rw_0/regAD_reg[22]) is unused and will be removed from module lab5_top.
WARNING: [Synth 8-3332] Sequential element (accel_spi_rw_0/regAD_reg[21]) is unused and will be removed from module lab5_top.
WARNING: [Synth 8-3332] Sequential element (accel_spi_rw_0/regAD_reg[20]) is unused and will be removed from module lab5_top.
WARNING: [Synth 8-3332] Sequential element (accel_spi_rw_0/regAD_reg[19]) is unused and will be removed from module lab5_top.
WARNING: [Synth 8-3332] Sequential element (accel_spi_rw_0/regAD_reg[18]) is unused and will be removed from module lab5_top.
WARNING: [Synth 8-3332] Sequential element (accel_spi_rw_0/regAD_reg[17]) is unused and will be removed from module lab5_top.
WARNING: [Synth 8-3332] Sequential element (accel_spi_rw_0/regAD_reg[16]) is unused and will be removed from module lab5_top.
WARNING: [Synth 8-3332] Sequential element (accel_spi_rw_0/regAD_reg[15]) is unused and will be removed from module lab5_top.
WARNING: [Synth 8-3332] Sequential element (accel_spi_rw_0/regAD_reg[14]) is unused and will be removed from module lab5_top.
WARNING: [Synth 8-3332] Sequential element (accel_spi_rw_0/regAD_reg[13]) is unused and will be removed from module lab5_top.
WARNING: [Synth 8-3332] Sequential element (accel_spi_rw_0/regAD_reg[12]) is unused and will be removed from module lab5_top.
WARNING: [Synth 8-3332] Sequential element (accel_spi_rw_0/regAD_reg[11]) is unused and will be removed from module lab5_top.
WARNING: [Synth 8-3332] Sequential element (accel_spi_rw_0/regAD_reg[10]) is unused and will be removed from module lab5_top.
WARNING: [Synth 8-3332] Sequential element (accel_spi_rw_0/regAD_reg[9]) is unused and will be removed from module lab5_top.
WARNING: [Synth 8-3332] Sequential element (accel_spi_rw_0/regAD_reg[8]) is unused and will be removed from module lab5_top.
WARNING: [Synth 8-3332] Sequential element (accel_spi_rw_0/reg1D_reg[23]) is unused and will be removed from module lab5_top.
WARNING: [Synth 8-3332] Sequential element (accel_spi_rw_0/reg1D_reg[22]) is unused and will be removed from module lab5_top.
WARNING: [Synth 8-3332] Sequential element (accel_spi_rw_0/reg1D_reg[21]) is unused and will be removed from module lab5_top.
WARNING: [Synth 8-3332] Sequential element (accel_spi_rw_0/reg1D_reg[20]) is unused and will be removed from module lab5_top.
WARNING: [Synth 8-3332] Sequential element (accel_spi_rw_0/reg1D_reg[19]) is unused and will be removed from module lab5_top.
WARNING: [Synth 8-3332] Sequential element (accel_spi_rw_0/reg1D_reg[18]) is unused and will be removed from module lab5_top.
WARNING: [Synth 8-3332] Sequential element (accel_spi_rw_0/reg1D_reg[17]) is unused and will be removed from module lab5_top.
WARNING: [Synth 8-3332] Sequential element (accel_spi_rw_0/reg1D_reg[16]) is unused and will be removed from module lab5_top.
WARNING: [Synth 8-3332] Sequential element (accel_spi_rw_0/reg1D_reg[15]) is unused and will be removed from module lab5_top.
WARNING: [Synth 8-3332] Sequential element (accel_spi_rw_0/reg1D_reg[14]) is unused and will be removed from module lab5_top.
WARNING: [Synth 8-3332] Sequential element (accel_spi_rw_0/reg1D_reg[13]) is unused and will be removed from module lab5_top.
WARNING: [Synth 8-3332] Sequential element (accel_spi_rw_0/reg1D_reg[12]) is unused and will be removed from module lab5_top.
WARNING: [Synth 8-3332] Sequential element (accel_spi_rw_0/reg1D_reg[11]) is unused and will be removed from module lab5_top.
WARNING: [Synth 8-3332] Sequential element (accel_spi_rw_0/reg1D_reg[10]) is unused and will be removed from module lab5_top.
WARNING: [Synth 8-3332] Sequential element (accel_spi_rw_0/reg1D_reg[9]) is unused and will be removed from module lab5_top.
WARNING: [Synth 8-3332] Sequential element (accel_spi_rw_0/reg1D_reg[8]) is unused and will be removed from module lab5_top.
WARNING: [Synth 8-3332] Sequential element (accel_spi_rw_0/SPI_shiftregister_reg[0]) is unused and will be removed from module lab5_top.
WARNING: [Synth 8-3332] Sequential element (xpos_reg[7]) is unused and will be removed from module lab5_top.
WARNING: [Synth 8-3332] Sequential element (ypos_reg[7]) is unused and will be removed from module lab5_top.
---------------------------------------------------------------------------------
Finished Cross Boundary and Area Optimization : Time (s): cpu = 00:00:26 ; elapsed = 00:01:23 . Memory (MB): peak = 1654.359 ; gain = 448.273 ; free physical = 436 ; free virtual = 2018
---------------------------------------------------------------------------------

Report RTL Partitions: 
+-+--------------+------------+----------+
| |RTL Partition |Replication |Instances |
+-+--------------+------------+----------+
+-+--------------+------------+----------+
---------------------------------------------------------------------------------
Start Applying XDC Timing Constraints
---------------------------------------------------------------------------------
---------------------------------------------------------------------------------
Finished Applying XDC Timing Constraints : Time (s): cpu = 00:00:32 ; elapsed = 00:01:41 . Memory (MB): peak = 1654.359 ; gain = 448.273 ; free physical = 312 ; free virtual = 1894
---------------------------------------------------------------------------------
---------------------------------------------------------------------------------
Start Timing Optimization
---------------------------------------------------------------------------------
---------------------------------------------------------------------------------
Finished Timing Optimization : Time (s): cpu = 00:00:33 ; elapsed = 00:01:44 . Memory (MB): peak = 1673.367 ; gain = 467.281 ; free physical = 294 ; free virtual = 1876
---------------------------------------------------------------------------------

Report RTL Partitions: 
+-+--------------+------------+----------+
| |RTL Partition |Replication |Instances |
+-+--------------+------------+----------+
+-+--------------+------------+----------+
---------------------------------------------------------------------------------
Start Technology Mapping
---------------------------------------------------------------------------------
---------------------------------------------------------------------------------
Finished Technology Mapping : Time (s): cpu = 00:00:33 ; elapsed = 00:01:44 . Memory (MB): peak = 1681.375 ; gain = 475.289 ; free physical = 294 ; free virtual = 1876
---------------------------------------------------------------------------------

Report RTL Partitions: 
+-+--------------+------------+----------+
| |RTL Partition |Replication |Instances |
+-+--------------+------------+----------+
+-+--------------+------------+----------+
---------------------------------------------------------------------------------
Start IO Insertion
---------------------------------------------------------------------------------
---------------------------------------------------------------------------------
Start Flattening Before IO Insertion
---------------------------------------------------------------------------------
---------------------------------------------------------------------------------
Finished Flattening Before IO Insertion
---------------------------------------------------------------------------------
---------------------------------------------------------------------------------
Start Final Netlist Cleanup
---------------------------------------------------------------------------------
---------------------------------------------------------------------------------
Finished Final Netlist Cleanup
---------------------------------------------------------------------------------
---------------------------------------------------------------------------------
Finished IO Insertion : Time (s): cpu = 00:00:34 ; elapsed = 00:01:45 . Memory (MB): peak = 1681.375 ; gain = 475.289 ; free physical = 295 ; free virtual = 1877
---------------------------------------------------------------------------------

Report Check Netlist: 
+------+------------------+-------+---------+-------+------------------+
|      |Item              |Errors |Warnings |Status |Description       |
+------+------------------+-------+---------+-------+------------------+
|1     |multi_driven_nets |      0|        0|Passed |Multi driven nets |
+------+------------------+-------+---------+-------+------------------+
---------------------------------------------------------------------------------
Start Renaming Generated Instances
---------------------------------------------------------------------------------
---------------------------------------------------------------------------------
Finished Renaming Generated Instances : Time (s): cpu = 00:00:34 ; elapsed = 00:01:45 . Memory (MB): peak = 1681.375 ; gain = 475.289 ; free physical = 295 ; free virtual = 1877
---------------------------------------------------------------------------------

Report RTL Partitions: 
+-+--------------+------------+----------+
| |RTL Partition |Replication |Instances |
+-+--------------+------------+----------+
+-+--------------+------------+----------+
---------------------------------------------------------------------------------
Start Rebuilding User Hierarchy
---------------------------------------------------------------------------------
---------------------------------------------------------------------------------
Finished Rebuilding User Hierarchy : Time (s): cpu = 00:00:34 ; elapsed = 00:01:45 . Memory (MB): peak = 1681.375 ; gain = 475.289 ; free physical = 295 ; free virtual = 1877
---------------------------------------------------------------------------------
---------------------------------------------------------------------------------
Start Renaming Generated Ports
---------------------------------------------------------------------------------
---------------------------------------------------------------------------------
Finished Renaming Generated Ports : Time (s): cpu = 00:00:34 ; elapsed = 00:01:45 . Memory (MB): peak = 1681.375 ; gain = 475.289 ; free physical = 295 ; free virtual = 1877
---------------------------------------------------------------------------------
---------------------------------------------------------------------------------
Start Handling Custom Attributes
---------------------------------------------------------------------------------
---------------------------------------------------------------------------------
Finished Handling Custom Attributes : Time (s): cpu = 00:00:34 ; elapsed = 00:01:45 . Memory (MB): peak = 1681.375 ; gain = 475.289 ; free physical = 295 ; free virtual = 1877
---------------------------------------------------------------------------------
---------------------------------------------------------------------------------
Start Renaming Generated Nets
---------------------------------------------------------------------------------
---------------------------------------------------------------------------------
Finished Renaming Generated Nets : Time (s): cpu = 00:00:34 ; elapsed = 00:01:45 . Memory (MB): peak = 1681.375 ; gain = 475.289 ; free physical = 295 ; free virtual = 1877
---------------------------------------------------------------------------------
---------------------------------------------------------------------------------
Start ROM, RAM, DSP and Shift Register Reporting
---------------------------------------------------------------------------------

Static Shift Register Report:
+------------+------------------------------------------+--------+-------+--------------+--------------------+-------------------+--------+---------+
|Module Name | RTL Name                                 | Length | Width | Reset Signal | Pull out first Reg | Pull out last Reg | SRL16E | SRLC32E | 
+------------+------------------------------------------+--------+-------+--------------+--------------------+-------------------+--------+---------+
|lab5_top    | accel_spi_rw_0/SPI_shiftregister_reg[23] | 4      | 1     | YES          | NO                 | YES               | 1      | 0       | 
|lab5_top    | accel_spi_rw_0/SPI_shiftregister_reg[7]  | 6      | 1     | YES          | NO                 | YES               | 1      | 0       | 
+------------+------------------------------------------+--------+-------+--------------+--------------------+-------------------+--------+---------+

---------------------------------------------------------------------------------
Finished ROM, RAM, DSP and Shift Register Reporting
---------------------------------------------------------------------------------
---------------------------------------------------------------------------------
Start Writing Synthesis Report
---------------------------------------------------------------------------------

Report BlackBoxes: 
+-+--------------+----------+
| |BlackBox name |Instances |
+-+--------------+----------+
+-+--------------+----------+

Report Cell Usage: 
+------+-------+------+
|      |Cell   |Count |
+------+-------+------+
|1     |BUFG   |     1|
|2     |CARRY4 |    55|
|3     |LUT1   |    18|
|4     |LUT2   |    37|
|5     |LUT3   |    38|
|6     |LUT4   |    70|
|7     |LUT5   |    60|
|8     |LUT6   |   107|
|9     |MUXF7  |     1|
|10    |SRL16E |     2|
|11    |FDCE   |    88|
|12    |FDPE   |     1|
|13    |FDRE   |   289|
|14    |IBUF   |    11|
|15    |OBUF   |    38|
+------+-------+------+

Report Instance Areas: 
+------+--------------------------+----------------------+------+
|      |Instance                  |Module                |Cells |
+------+--------------------------+----------------------+------+
|1     |top                       |                      |   816|
|2     |  Debounce_X_neg          |btnDebounce           |    52|
|3     |  Debounce_X_pos          |btnDebounce_0         |    42|
|4     |  Debounce_Y_neg          |btnDebounce_1         |    45|
|5     |  Debounce_Y_pos          |btnDebounce_2         |    42|
|6     |  accel_spi_rw_0          |accel_spi_rw          |   139|
|7     |  btnDebounce_D           |btnDebounce_3         |    44|
|8     |  btnDebounce_L           |btnDebounce_4         |    53|
|9     |  btnDebounce_R           |btnDebounce_5         |    44|
|10    |  btnDebounce_U           |btnDebounce_6         |    44|
|11    |  pulse_generator_small_0 |pulse_generator_small |    19|
|12    |  seg7_controller_0       |seg7_controller       |    83|
|13    |    pulse_generator_0     |pulse_generator       |    48|
|14    |    upCounter_0           |upCounter             |    35|
+------+--------------------------+----------------------+------+
---------------------------------------------------------------------------------
Finished Writing Synthesis Report : Time (s): cpu = 00:00:34 ; elapsed = 00:01:45 . Memory (MB): peak = 1681.375 ; gain = 475.289 ; free physical = 295 ; free virtual = 1877
---------------------------------------------------------------------------------
Synthesis finished with 0 errors, 0 critical warnings and 93 warnings.
Synthesis Optimization Runtime : Time (s): cpu = 00:00:25 ; elapsed = 00:01:01 . Memory (MB): peak = 1681.375 ; gain = 159.551 ; free physical = 351 ; free virtual = 1934
Synthesis Optimization Complete : Time (s): cpu = 00:00:34 ; elapsed = 00:01:46 . Memory (MB): peak = 1681.383 ; gain = 475.289 ; free physical = 362 ; free virtual = 1944
INFO: [Project 1-571] Translating synthesized netlist
INFO: [Netlist 29-17] Analyzing 67 Unisim elements for replacement
INFO: [Netlist 29-28] Unisim Transformation completed in 0 CPU seconds
INFO: [Project 1-570] Preparing netlist for logic optimization
INFO: [Opt 31-138] Pushed 0 inverter(s) to 0 load pin(s).
INFO: [Project 1-111] Unisim Transformation Summary:
No Unisim elements were transformed.

INFO: [Common 17-83] Releasing license: Synthesis
40 Infos, 96 Warnings, 0 Critical Warnings and 0 Errors encountered.
synth_design completed successfully
synth_design: Time (s): cpu = 00:00:36 ; elapsed = 00:01:49 . Memory (MB): peak = 1681.383 ; gain = 487.824 ; free physical = 353 ; free virtual = 1936
INFO: [Common 17-1381] The checkpoint '/home/chase/github/FPGA_VHDL/lab5/.runs/synth_1/lab5_top.dcp' has been generated.
INFO: [runtcl-4] Executing : report_utilization -file lab5_top_utilization_synth.rpt -pb lab5_top_utilization_synth.pb
report_utilization: Time (s): cpu = 00:00:00.07 ; elapsed = 00:00:00.23 . Memory (MB): peak = 1681.383 ; gain = 0.000 ; free physical = 354 ; free virtual = 1937
INFO: [Common 17-206] Exiting Vivado at Sat Jul 21 23:23:36 2018...
