
*** Running vivado
    with args -log lab4_top.vds -m64 -product Vivado -mode batch -messageDb vivado.pb -notrace -source lab4_top.tcl


****** Vivado v2018.1 (64-bit)
  **** SW Build 2188600 on Wed Apr  4 18:39:19 MDT 2018
  **** IP Build 2185939 on Wed Apr  4 20:55:05 MDT 2018
    ** Copyright 1986-2018 Xilinx, Inc. All Rights Reserved.

Sourcing tcl script '/root/.Xilinx/Vivado/Vivado_init.tcl'
source lab4_top.tcl -notrace
Command: synth_design -top lab4_top -part xc7a100tcsg324-1
Starting synth_design
Attempting to get a license for feature 'Synthesis' and/or device 'xc7a100t'
INFO: [Common 17-349] Got license for feature 'Synthesis' and/or device 'xc7a100t'
INFO: Launching helper process for spawning children vivado processes
INFO: Helper process launched with PID 31702 
---------------------------------------------------------------------------------
Starting RTL Elaboration : Time (s): cpu = 00:00:07 ; elapsed = 00:00:11 . Memory (MB): peak = 1293.012 ; gain = 86.926 ; free physical = 529 ; free virtual = 1383
---------------------------------------------------------------------------------
INFO: [Synth 8-638] synthesizing module 'lab4_top' [/home/chase/github/FPGA_VHDL/lab4/lab4.srcs/lab4top.vhd:37]
	Parameter h_pulse bound to: 96 - type: integer 
	Parameter h_bp bound to: 48 - type: integer 
	Parameter h_pixels bound to: 640 - type: integer 
	Parameter h_fp bound to: 16 - type: integer 
	Parameter v_pulse bound to: 2 - type: integer 
	Parameter v_bp bound to: 29 - type: integer 
	Parameter v_pixels bound to: 480 - type: integer 
	Parameter v_fp bound to: 10 - type: integer 
INFO: [Synth 8-638] synthesizing module 'btnDebounce' [/home/chase/github/FPGA_VHDL/lab4/lab4.srcs/btnDebounce.vhd:13]
INFO: [Synth 8-256] done synthesizing module 'btnDebounce' (1#1) [/home/chase/github/FPGA_VHDL/lab4/lab4.srcs/btnDebounce.vhd:13]
INFO: [Synth 8-638] synthesizing module 'pulse_generator_small' [/home/chase/github/FPGA_VHDL/lab4/lab4.srcs/pulse_generator_small.vhd:12]
INFO: [Synth 8-256] done synthesizing module 'pulse_generator_small' (2#1) [/home/chase/github/FPGA_VHDL/lab4/lab4.srcs/pulse_generator_small.vhd:12]
INFO: [Synth 8-638] synthesizing module 'seg7_controller' [/home/chase/github/FPGA_VHDL/lab4/lab4.srcs/seg7_controller.vhd:21]
INFO: [Synth 8-638] synthesizing module 'pulse_generator' [/home/chase/github/FPGA_VHDL/lab4/lab4.srcs/pulse_generator.vhd:12]
INFO: [Synth 8-256] done synthesizing module 'pulse_generator' (3#1) [/home/chase/github/FPGA_VHDL/lab4/lab4.srcs/pulse_generator.vhd:12]
INFO: [Synth 8-638] synthesizing module 'upCounter' [/home/chase/github/FPGA_VHDL/lab4/lab4.srcs/upcounter.vhd:14]
INFO: [Synth 8-256] done synthesizing module 'upCounter' (4#1) [/home/chase/github/FPGA_VHDL/lab4/lab4.srcs/upcounter.vhd:14]
INFO: [Synth 8-638] synthesizing module 'seg7_hex' [/home/chase/github/FPGA_VHDL/lab4/lab4.srcs/seg7_hex.vhd:32]
INFO: [Synth 8-256] done synthesizing module 'seg7_hex' (5#1) [/home/chase/github/FPGA_VHDL/lab4/lab4.srcs/seg7_hex.vhd:32]
INFO: [Synth 8-256] done synthesizing module 'seg7_controller' (6#1) [/home/chase/github/FPGA_VHDL/lab4/lab4.srcs/seg7_controller.vhd:21]
INFO: [Synth 8-256] done synthesizing module 'lab4_top' (7#1) [/home/chase/github/FPGA_VHDL/lab4/lab4.srcs/lab4top.vhd:37]
---------------------------------------------------------------------------------
Finished RTL Elaboration : Time (s): cpu = 00:00:08 ; elapsed = 00:00:13 . Memory (MB): peak = 1337.621 ; gain = 131.535 ; free physical = 540 ; free virtual = 1395
---------------------------------------------------------------------------------

Report Check Netlist: 
+------+------------------+-------+---------+-------+------------------+
|      |Item              |Errors |Warnings |Status |Description       |
+------+------------------+-------+---------+-------+------------------+
|1     |multi_driven_nets |      0|        0|Passed |Multi driven nets |
+------+------------------+-------+---------+-------+------------------+
---------------------------------------------------------------------------------
Start Handling Custom Attributes
---------------------------------------------------------------------------------
---------------------------------------------------------------------------------
Finished Handling Custom Attributes : Time (s): cpu = 00:00:08 ; elapsed = 00:00:13 . Memory (MB): peak = 1337.621 ; gain = 131.535 ; free physical = 538 ; free virtual = 1394
---------------------------------------------------------------------------------
---------------------------------------------------------------------------------
Finished RTL Optimization Phase 1 : Time (s): cpu = 00:00:08 ; elapsed = 00:00:13 . Memory (MB): peak = 1337.621 ; gain = 131.535 ; free physical = 538 ; free virtual = 1394
---------------------------------------------------------------------------------
INFO: [Device 21-403] Loading part xc7a100tcsg324-1
INFO: [Project 1-570] Preparing netlist for logic optimization

Processing XDC Constraints
Initializing timing engine
Parsing XDC File [/home/chase/github/FPGA_VHDL/lab4/lab4.srcs/nexys4_constraint.xdc]
Finished Parsing XDC File [/home/chase/github/FPGA_VHDL/lab4/lab4.srcs/nexys4_constraint.xdc]
INFO: [Project 1-236] Implementation specific constraints were found while reading constraint file [/home/chase/github/FPGA_VHDL/lab4/lab4.srcs/nexys4_constraint.xdc]. These constraints will be ignored for synthesis but will be used in implementation. Impacted constraints are listed in the file [.Xil/lab4_top_propImpl.xdc].
Resolution: To avoid this warning, move constraints listed in [.Xil/lab4_top_propImpl.xdc] to another XDC file and exclude this new file from synthesis with the used_in_synthesis property (File Properties dialog in GUI) and re-run elaboration/synthesis.
Completed Processing XDC Constraints

INFO: [Project 1-111] Unisim Transformation Summary:
No Unisim elements were transformed.

Constraint Validation Runtime : Time (s): cpu = 00:00:00.01 ; elapsed = 00:00:00 . Memory (MB): peak = 1652.914 ; gain = 0.000 ; free physical = 242 ; free virtual = 1130
---------------------------------------------------------------------------------
Finished Constraint Validation : Time (s): cpu = 00:00:24 ; elapsed = 00:00:59 . Memory (MB): peak = 1652.914 ; gain = 446.828 ; free physical = 320 ; free virtual = 1208
---------------------------------------------------------------------------------
---------------------------------------------------------------------------------
Start Loading Part and Timing Information
---------------------------------------------------------------------------------
Loading part: xc7a100tcsg324-1
---------------------------------------------------------------------------------
Finished Loading Part and Timing Information : Time (s): cpu = 00:00:24 ; elapsed = 00:00:59 . Memory (MB): peak = 1652.914 ; gain = 446.828 ; free physical = 321 ; free virtual = 1209
---------------------------------------------------------------------------------
---------------------------------------------------------------------------------
Start Applying 'set_property' XDC Constraints
---------------------------------------------------------------------------------
---------------------------------------------------------------------------------
Finished applying 'set_property' XDC Constraints : Time (s): cpu = 00:00:24 ; elapsed = 00:00:59 . Memory (MB): peak = 1652.914 ; gain = 446.828 ; free physical = 322 ; free virtual = 1210
---------------------------------------------------------------------------------
---------------------------------------------------------------------------------
Finished RTL Optimization Phase 2 : Time (s): cpu = 00:00:24 ; elapsed = 00:00:59 . Memory (MB): peak = 1652.914 ; gain = 446.828 ; free physical = 313 ; free virtual = 1201
---------------------------------------------------------------------------------

Report RTL Partitions: 
+-+--------------+------------+----------+
| |RTL Partition |Replication |Instances |
+-+--------------+------------+----------+
+-+--------------+------------+----------+
---------------------------------------------------------------------------------
Start RTL Component Statistics 
---------------------------------------------------------------------------------
Detailed RTL Component Info : 
+---Adders : 
	   2 Input     10 Bit       Adders := 2     
	   2 Input      8 Bit       Adders := 4     
	   2 Input      5 Bit       Adders := 5     
	   2 Input      4 Bit       Adders := 1     
	   2 Input      3 Bit       Adders := 1     
	   2 Input      2 Bit       Adders := 1     
+---Registers : 
	               10 Bit    Registers := 2     
	                8 Bit    Registers := 4     
	                5 Bit    Registers := 2     
	                3 Bit    Registers := 1     
	                2 Bit    Registers := 1     
	                1 Bit    Registers := 9     
+---Muxes : 
	   2 Input     12 Bit        Muxes := 1     
	   8 Input     12 Bit        Muxes := 1     
	   2 Input     10 Bit        Muxes := 9     
	   9 Input      8 Bit        Muxes := 1     
	   7 Input      8 Bit        Muxes := 1     
	   2 Input      8 Bit        Muxes := 6     
	   4 Input      8 Bit        Muxes := 1     
	   2 Input      4 Bit        Muxes := 4     
	   2 Input      2 Bit        Muxes := 1     
	   2 Input      1 Bit        Muxes := 6     
---------------------------------------------------------------------------------
Finished RTL Component Statistics 
---------------------------------------------------------------------------------
---------------------------------------------------------------------------------
Start RTL Hierarchical Component Statistics 
---------------------------------------------------------------------------------
Hierarchical RTL Component report 
Module lab4_top 
Detailed RTL Component Info : 
+---Adders : 
	   2 Input     10 Bit       Adders := 2     
	   2 Input      8 Bit       Adders := 4     
	   2 Input      5 Bit       Adders := 5     
	   2 Input      4 Bit       Adders := 1     
+---Registers : 
	               10 Bit    Registers := 2     
	                8 Bit    Registers := 4     
	                5 Bit    Registers := 2     
	                1 Bit    Registers := 5     
+---Muxes : 
	   2 Input     12 Bit        Muxes := 1     
	   8 Input     12 Bit        Muxes := 1     
	   2 Input     10 Bit        Muxes := 9     
	   7 Input      8 Bit        Muxes := 1     
	   2 Input      8 Bit        Muxes := 6     
	   4 Input      8 Bit        Muxes := 1     
	   2 Input      4 Bit        Muxes := 4     
	   2 Input      1 Bit        Muxes := 2     
Module btnDebounce 
Detailed RTL Component Info : 
+---Registers : 
	                1 Bit    Registers := 1     
+---Muxes : 
	   2 Input      1 Bit        Muxes := 1     
Module pulse_generator_small 
Detailed RTL Component Info : 
+---Adders : 
	   2 Input      2 Bit       Adders := 1     
+---Registers : 
	                2 Bit    Registers := 1     
+---Muxes : 
	   2 Input      2 Bit        Muxes := 1     
Module upCounter 
Detailed RTL Component Info : 
+---Adders : 
	   2 Input      3 Bit       Adders := 1     
+---Registers : 
	                3 Bit    Registers := 1     
Module seg7_controller 
Detailed RTL Component Info : 
+---Muxes : 
	   9 Input      8 Bit        Muxes := 1     
---------------------------------------------------------------------------------
Finished RTL Hierarchical Component Statistics
---------------------------------------------------------------------------------
---------------------------------------------------------------------------------
Start Part Resource Summary
---------------------------------------------------------------------------------
Part Resources:
DSPs: 240 (col length:80)
BRAMs: 270 (col length: RAMB18 80 RAMB36 40)
---------------------------------------------------------------------------------
Finished Part Resource Summary
---------------------------------------------------------------------------------
---------------------------------------------------------------------------------
Start Cross Boundary and Area Optimization
---------------------------------------------------------------------------------
Warning: Parallel synthesis criteria is not met 
---------------------------------------------------------------------------------
Finished Cross Boundary and Area Optimization : Time (s): cpu = 00:00:26 ; elapsed = 00:01:03 . Memory (MB): peak = 1652.914 ; gain = 446.828 ; free physical = 290 ; free virtual = 1182
---------------------------------------------------------------------------------

Report RTL Partitions: 
+-+--------------+------------+----------+
| |RTL Partition |Replication |Instances |
+-+--------------+------------+----------+
+-+--------------+------------+----------+
---------------------------------------------------------------------------------
Start Applying XDC Timing Constraints
---------------------------------------------------------------------------------
---------------------------------------------------------------------------------
Finished Applying XDC Timing Constraints : Time (s): cpu = 00:00:32 ; elapsed = 00:01:16 . Memory (MB): peak = 1652.914 ; gain = 446.828 ; free physical = 159 ; free virtual = 1059
---------------------------------------------------------------------------------
---------------------------------------------------------------------------------
Start Timing Optimization
---------------------------------------------------------------------------------
---------------------------------------------------------------------------------
Finished Timing Optimization : Time (s): cpu = 00:00:34 ; elapsed = 00:01:19 . Memory (MB): peak = 1680.492 ; gain = 474.406 ; free physical = 150 ; free virtual = 1049
---------------------------------------------------------------------------------

Report RTL Partitions: 
+-+--------------+------------+----------+
| |RTL Partition |Replication |Instances |
+-+--------------+------------+----------+
+-+--------------+------------+----------+
---------------------------------------------------------------------------------
Start Technology Mapping
---------------------------------------------------------------------------------
---------------------------------------------------------------------------------
Finished Technology Mapping : Time (s): cpu = 00:00:34 ; elapsed = 00:01:20 . Memory (MB): peak = 1680.492 ; gain = 474.406 ; free physical = 150 ; free virtual = 1050
---------------------------------------------------------------------------------

Report RTL Partitions: 
+-+--------------+------------+----------+
| |RTL Partition |Replication |Instances |
+-+--------------+------------+----------+
+-+--------------+------------+----------+
---------------------------------------------------------------------------------
Start IO Insertion
---------------------------------------------------------------------------------
---------------------------------------------------------------------------------
Start Flattening Before IO Insertion
---------------------------------------------------------------------------------
---------------------------------------------------------------------------------
Finished Flattening Before IO Insertion
---------------------------------------------------------------------------------
---------------------------------------------------------------------------------
Start Final Netlist Cleanup
---------------------------------------------------------------------------------
---------------------------------------------------------------------------------
Finished Final Netlist Cleanup
---------------------------------------------------------------------------------
---------------------------------------------------------------------------------
Finished IO Insertion : Time (s): cpu = 00:00:35 ; elapsed = 00:01:21 . Memory (MB): peak = 1680.492 ; gain = 474.406 ; free physical = 150 ; free virtual = 1050
---------------------------------------------------------------------------------

Report Check Netlist: 
+------+------------------+-------+---------+-------+------------------+
|      |Item              |Errors |Warnings |Status |Description       |
+------+------------------+-------+---------+-------+------------------+
|1     |multi_driven_nets |      0|        0|Passed |Multi driven nets |
+------+------------------+-------+---------+-------+------------------+
---------------------------------------------------------------------------------
Start Renaming Generated Instances
---------------------------------------------------------------------------------
---------------------------------------------------------------------------------
Finished Renaming Generated Instances : Time (s): cpu = 00:00:35 ; elapsed = 00:01:21 . Memory (MB): peak = 1680.492 ; gain = 474.406 ; free physical = 150 ; free virtual = 1050
---------------------------------------------------------------------------------

Report RTL Partitions: 
+-+--------------+------------+----------+
| |RTL Partition |Replication |Instances |
+-+--------------+------------+----------+
+-+--------------+------------+----------+
---------------------------------------------------------------------------------
Start Rebuilding User Hierarchy
---------------------------------------------------------------------------------
---------------------------------------------------------------------------------
Finished Rebuilding User Hierarchy : Time (s): cpu = 00:00:35 ; elapsed = 00:01:21 . Memory (MB): peak = 1680.492 ; gain = 474.406 ; free physical = 149 ; free virtual = 1049
---------------------------------------------------------------------------------
---------------------------------------------------------------------------------
Start Renaming Generated Ports
---------------------------------------------------------------------------------
---------------------------------------------------------------------------------
Finished Renaming Generated Ports : Time (s): cpu = 00:00:35 ; elapsed = 00:01:21 . Memory (MB): peak = 1680.492 ; gain = 474.406 ; free physical = 149 ; free virtual = 1049
---------------------------------------------------------------------------------
---------------------------------------------------------------------------------
Start Handling Custom Attributes
---------------------------------------------------------------------------------
---------------------------------------------------------------------------------
Finished Handling Custom Attributes : Time (s): cpu = 00:00:35 ; elapsed = 00:01:21 . Memory (MB): peak = 1680.492 ; gain = 474.406 ; free physical = 149 ; free virtual = 1049
---------------------------------------------------------------------------------
---------------------------------------------------------------------------------
Start Renaming Generated Nets
---------------------------------------------------------------------------------
---------------------------------------------------------------------------------
Finished Renaming Generated Nets : Time (s): cpu = 00:00:35 ; elapsed = 00:01:21 . Memory (MB): peak = 1680.492 ; gain = 474.406 ; free physical = 149 ; free virtual = 1049
---------------------------------------------------------------------------------
---------------------------------------------------------------------------------
Start Writing Synthesis Report
---------------------------------------------------------------------------------

Report BlackBoxes: 
+-+--------------+----------+
| |BlackBox name |Instances |
+-+--------------+----------+
+-+--------------+----------+

Report Cell Usage: 
+------+-------+------+
|      |Cell   |Count |
+------+-------+------+
|1     |BUFG   |     1|
|2     |CARRY4 |    31|
|3     |LUT1   |    15|
|4     |LUT2   |    26|
|5     |LUT3   |    22|
|6     |LUT4   |    61|
|7     |LUT5   |    38|
|8     |LUT6   |    56|
|9     |FDCE   |    32|
|10    |FDRE   |   167|
|11    |IBUF   |     6|
|12    |OBUF   |    31|
+------+-------+------+

Report Instance Areas: 
+------+--------------------------+----------------------+------+
|      |Instance                  |Module                |Cells |
+------+--------------------------+----------------------+------+
|1     |top                       |                      |   486|
|2     |  btnDebounce_D           |btnDebounce           |    50|
|3     |  btnDebounce_L           |btnDebounce_0         |    51|
|4     |  btnDebounce_R           |btnDebounce_1         |    44|
|5     |  btnDebounce_U           |btnDebounce_2         |    44|
|6     |  pulse_generator_small_0 |pulse_generator_small |    28|
|7     |  seg7_controller_0       |seg7_controller       |    73|
|8     |    pulse_generator_0     |pulse_generator       |    48|
|9     |    upCounter_0           |upCounter             |    25|
+------+--------------------------+----------------------+------+
---------------------------------------------------------------------------------
Finished Writing Synthesis Report : Time (s): cpu = 00:00:35 ; elapsed = 00:01:21 . Memory (MB): peak = 1680.492 ; gain = 474.406 ; free physical = 149 ; free virtual = 1049
---------------------------------------------------------------------------------
Synthesis finished with 0 errors, 0 critical warnings and 0 warnings.
Synthesis Optimization Runtime : Time (s): cpu = 00:00:25 ; elapsed = 00:00:46 . Memory (MB): peak = 1680.492 ; gain = 159.113 ; free physical = 205 ; free virtual = 1104
Synthesis Optimization Complete : Time (s): cpu = 00:00:35 ; elapsed = 00:01:21 . Memory (MB): peak = 1680.500 ; gain = 474.406 ; free physical = 215 ; free virtual = 1115
INFO: [Project 1-571] Translating synthesized netlist
INFO: [Netlist 29-17] Analyzing 37 Unisim elements for replacement
INFO: [Netlist 29-28] Unisim Transformation completed in 0 CPU seconds
INFO: [Project 1-570] Preparing netlist for logic optimization
INFO: [Opt 31-138] Pushed 0 inverter(s) to 0 load pin(s).
INFO: [Project 1-111] Unisim Transformation Summary:
No Unisim elements were transformed.

INFO: [Common 17-83] Releasing license: Synthesis
26 Infos, 0 Warnings, 0 Critical Warnings and 0 Errors encountered.
synth_design completed successfully
synth_design: Time (s): cpu = 00:00:37 ; elapsed = 00:01:24 . Memory (MB): peak = 1680.500 ; gain = 486.941 ; free physical = 206 ; free virtual = 1105
INFO: [Common 17-1381] The checkpoint '/home/chase/github/FPGA_VHDL/lab4/lab4.runs/synth_1/lab4_top.dcp' has been generated.
INFO: [runtcl-4] Executing : report_utilization -file lab4_top_utilization_synth.rpt -pb lab4_top_utilization_synth.pb
report_utilization: Time (s): cpu = 00:00:00.09 ; elapsed = 00:00:00.30 . Memory (MB): peak = 1680.500 ; gain = 0.000 ; free physical = 201 ; free virtual = 1105
INFO: [Common 17-206] Exiting Vivado at Sun Jul  8 14:41:46 2018...
